2025-09-06 10:56:34,691 - INFO - 🔍 开始分析最新输出文件的格式影响
2025-09-06 10:56:34,691 - INFO - ================================================================================
2025-09-06 10:56:34,697 - INFO - 成功加载文档: outputs/docx-商务应答-20250906_105452.docx
2025-09-06 10:56:34,697 - INFO - 文档总段落数: 13
2025-09-06 10:56:34,697 - INFO - 
🎯 重点分析可能影响格式的区域:
2025-09-06 10:56:34,697 - INFO - ================================================================================
2025-09-06 10:56:34,698 - INFO - 
🔍 段落 #4: 包含项目名称的段落
2025-09-06 10:56:34,699 - INFO - 
📊 段落4:
2025-09-06 10:56:34,699 - INFO -   完整文本: 根据贵方为（所属运营商数据）项目采购采购货物及服务的竞争性磋字代表（姓名、职务）经正式授权并代表供应商（智慧足迹数据科技有限公司、北京市东城区王府井大街200号七层711室）提交下述文件正本一份及副本       份：
2025-09-06 10:56:34,699 - INFO -   Run数量: 16
2025-09-06 10:56:34,699 - INFO -     Run 1: '根据贵方为'
2025-09-06 10:56:34,699 - INFO -       格式: 字体=宋体, 大小=12.0, 粗体=默认, 斜体=默认, 下划线=默认, 颜色=默认
2025-09-06 10:56:34,700 - INFO -     Run 2: '（所属运营商数据）'
2025-09-06 10:56:34,700 - INFO -       格式: 字体=宋体, 大小=12.0, 粗体=默认, 斜体=True, 下划线=True, 颜色=默认
2025-09-06 10:56:34,700 - INFO -     Run 3: '项目'
2025-09-06 10:56:34,700 - INFO -       格式: 字体=宋体, 大小=12.0, 粗体=默认, 斜体=默认, 下划线=默认, 颜色=默认
2025-09-06 10:56:34,700 - INFO -     Run 4: '采购'
2025-09-06 10:56:34,700 - INFO -       格式: 字体=宋体, 大小=12.0, 粗体=默认, 斜体=默认, 下划线=默认, 颜色=默认
2025-09-06 10:56:34,700 - INFO -     Run 5: '采购货物及服务的'
2025-09-06 10:56:34,700 - INFO -       格式: 字体=宋体, 大小=12.0, 粗体=默认, 斜体=默认, 下划线=默认, 颜色=默认
2025-09-06 10:56:34,700 - INFO -     Run 6: '竞争性磋'
2025-09-06 10:56:34,700 - INFO -       格式: 字体=宋体, 大小=12.0, 粗体=默认, 斜体=默认, 下划线=默认, 颜色=默认
2025-09-06 10:56:34,701 - INFO -     Run 7: '字代表'
2025-09-06 10:56:34,701 - INFO -       格式: 字体=宋体, 大小=12.0, 粗体=默认, 斜体=默认, 下划线=默认, 颜色=默认
2025-09-06 10:56:34,701 - INFO -     Run 8: '（姓名、职务'
2025-09-06 10:56:34,701 - INFO -       格式: 字体=宋体, 大小=12.0, 粗体=默认, 斜体=True, 下划线=True, 颜色=默认
2025-09-06 10:56:34,701 - INFO -     Run 9: '）经正式授权并代表'
2025-09-06 10:56:34,701 - INFO -       格式: 字体=宋体, 大小=12.0, 粗体=默认, 斜体=默认, 下划线=默认, 颜色=默认
2025-09-06 10:56:34,701 - INFO -     Run 10: '供应商'
2025-09-06 10:56:34,701 - INFO -       格式: 字体=宋体, 大小=12.0, 粗体=默认, 斜体=默认, 下划线=默认, 颜色=默认
2025-09-06 10:56:34,701 - INFO -     Run 11: '（'
2025-09-06 10:56:34,701 - INFO -       格式: 字体=宋体, 大小=12.0, 粗体=默认, 斜体=True, 下划线=True, 颜色=默认
2025-09-06 10:56:34,701 - INFO -     Run 12: '智慧足'
2025-09-06 10:56:34,701 - INFO -       格式: 字体=宋体, 大小=12.0, 粗体=默认, 斜体=True, 下划线=True, 颜色=默认
2025-09-06 10:56:34,702 - INFO -     Run 13: '迹数据科技有'
2025-09-06 10:56:34,702 - INFO -       格式: 字体=宋体, 大小=12.0, 粗体=默认, 斜体=True, 下划线=True, 颜色=默认
2025-09-06 10:56:34,702 - INFO -     Run 14: '限公司、北京市东城区王府井'
2025-09-06 10:56:34,702 - INFO -       格式: 字体=宋体, 大小=12.0, 粗体=默认, 斜体=True, 下划线=True, 颜色=默认
2025-09-06 10:56:34,702 - INFO -     Run 15: '大街200号七'
2025-09-06 10:56:34,702 - INFO -       格式: 字体=宋体, 大小=12.0, 粗体=默认, 斜体=True, 下划线=True, 颜色=默认
2025-09-06 10:56:34,702 - INFO -     Run 16: '层711室）提交下述文件正本一份及副本       份：'
2025-09-06 10:56:34,702 - INFO -       格式: 字体=宋体, 大小=12.0, 粗体=默认, 斜体=True, 下划线=True, 颜色=默认
2025-09-06 10:56:34,703 - INFO -     ⚠️ 格式不一致的run: [1, 7, 10, 11, 12, 13, 14, 15]
2025-09-06 10:56:34,703 - INFO - 
🔍 段落 #11: 包含采购编号的段落
2025-09-06 10:56:34,703 - INFO - 
📊 段落11:
2025-09-06 10:56:34,704 - INFO -   完整文本: 根据贵方购采购货物及服务的竞争性磋商公告（64525343），签字代表（姓名、职务）经正式授权并代表供应交下述文件正本一份及副本       份：
2025-09-06 10:56:34,704 - INFO -   Run数量: 14
2025-09-06 10:56:34,704 - INFO -     Run 1: '根据贵方购采购货物及服务的竞争性磋商公告（64525343），签字代表（姓名、职务）经正式授权并代表供应交下述文件正本一份及副本       份：'
2025-09-06 10:56:34,704 - INFO -       格式: 字体=宋体, 大小=12.0, 粗体=默认, 斜体=默认, 下划线=默认, 颜色=默认
2025-09-06 10:56:34,705 - INFO -     ✅ 所有run格式一致
2025-09-06 10:56:34,705 - INFO - 
================================================================================
2025-09-06 10:56:34,705 - INFO - 📋 格式影响分析总结:
2025-09-06 10:56:34,705 - INFO - ================================================================================
2025-09-06 10:56:34,705 - INFO - 基于日志分析，精确run修改法的实际执行情况:
2025-09-06 10:56:34,705 - INFO - 1. ✅ 项目名称 - 单run替换成功
2025-09-06 10:56:34,705 - INFO - 2. ⚠️ 采购编号 - 跨run替换（涉及14个run）
2025-09-06 10:56:34,705 - INFO - 3. ⚠️ 供应商信息 - 跨run替换（涉及16个run）
2025-09-06 10:56:34,705 - INFO - 
2025-09-06 10:56:34,705 - INFO - 💡 可能的格式影响原因:
2025-09-06 10:56:34,705 - INFO - 1. 跨run替换时，虽然保留了其他run，但可能改变了run的边界
2025-09-06 10:56:34,705 - INFO - 2. 智能格式保持替换可能在重组run时影响了细微的格式属性
2025-09-06 10:56:34,705 - INFO - 3. Word文档的某些隐藏格式属性可能没有被完全保留
