2025-09-06 10:22:04,922 - INFO - ================================================================================
2025-09-06 10:22:04,922 - INFO - 分析原始文档run结构: /Users/lvhe/Library/Mobile Documents/com~apple~CloudDocs/Work/智慧足迹2025/05投标项目/AI标书/项目/1-中邮保险/中邮保险商务应答格式_测试.docx
2025-09-06 10:22:04,922 - INFO - ================================================================================
2025-09-06 10:22:04,930 - INFO - 
🎯 项目名称区域Run结构分析:
2025-09-06 10:22:04,930 - INFO - ==================================================
2025-09-06 10:22:04,930 - INFO - 
段落 #4: 根据贵方为（项目名称）项目采购采购货物及服务的竞争性磋字代表（姓名、职务）经正式授权并代表供应商（供应商名称、地址）提交下述文件正本一份及副本       份：...
2025-09-06 10:22:04,930 - INFO - 完整文本: 根据贵方为（项目名称）项目采购采购货物及服务的竞争性磋字代表（姓名、职务）经正式授权并代表供应商（供应商名称、地址）提交下述文件正本一份及副本       份：
2025-09-06 10:22:04,930 - INFO - Run数量: 16
2025-09-06 10:22:04,930 - INFO -     Run 1: '根据贵方为' [字体=宋体, 大小=152400, 粗体=None, 斜体=None]
2025-09-06 10:22:04,930 - INFO -     Run 2: '（项目名称）' [字体=宋体, 大小=152400, 粗体=None, 斜体=True] ⭐ 包含完整项目名称!
2025-09-06 10:22:04,930 - INFO -     Run 3: '项目' [字体=宋体, 大小=152400, 粗体=None, 斜体=None]
2025-09-06 10:22:04,931 - INFO -     Run 4: '采购' [字体=宋体, 大小=152400, 粗体=None, 斜体=None]
2025-09-06 10:22:04,931 - INFO -     Run 5: '采购货物及服务的' [字体=宋体, 大小=152400, 粗体=None, 斜体=None]
2025-09-06 10:22:04,931 - INFO -     Run 6: '竞争性磋' [字体=宋体, 大小=152400, 粗体=None, 斜体=None]
2025-09-06 10:22:04,931 - INFO -     Run 7: '字代表' [字体=宋体, 大小=152400, 粗体=None, 斜体=None]
2025-09-06 10:22:04,931 - INFO -     Run 8: '（姓名、职务' [字体=宋体, 大小=152400, 粗体=None, 斜体=True]
2025-09-06 10:22:04,931 - INFO -     Run 9: '）经正式授权并代表' [字体=宋体, 大小=152400, 粗体=None, 斜体=None]
2025-09-06 10:22:04,931 - INFO -     Run 10: '供应商' [字体=宋体, 大小=152400, 粗体=None, 斜体=None]
2025-09-06 10:22:04,932 - INFO -     Run 11: '（' [字体=宋体, 大小=152400, 粗体=None, 斜体=True]
2025-09-06 10:22:04,932 - INFO -     Run 12: '供应商' [字体=宋体, 大小=152400, 粗体=None, 斜体=True]
2025-09-06 10:22:04,932 - INFO -     Run 13: '名称、地址）' [字体=宋体, 大小=152400, 粗体=None, 斜体=True]
2025-09-06 10:22:04,932 - INFO -     Run 14: '提交下述文件正本一份及副本' [字体=宋体, 大小=152400, 粗体=None, 斜体=None]
2025-09-06 10:22:04,932 - INFO -     Run 15: '       ' [字体=宋体, 大小=152400, 粗体=None, 斜体=None]
2025-09-06 10:22:04,932 - INFO -     Run 16: '份：' [字体=宋体, 大小=152400, 粗体=None, 斜体=None]
2025-09-06 10:22:04,932 - INFO - ✅ 项目名称在单个run中 → 可以成功使用单run替换
2025-09-06 10:22:04,932 - INFO - 
🎯 采购编号区域Run结构分析:
2025-09-06 10:22:04,932 - INFO - ==================================================
2025-09-06 10:22:04,932 - INFO - 
段落 #11: 根据贵方购采购货物及服务的竞争性磋商公告（采购编号），签字代表（姓名、职务）经正式授权并代表供应交下述文件正本一份及副本       份：...
2025-09-06 10:22:04,932 - INFO - 完整文本: 根据贵方购采购货物及服务的竞争性磋商公告（采购编号），签字代表（姓名、职务）经正式授权并代表供应交下述文件正本一份及副本       份：
2025-09-06 10:22:04,932 - INFO - Run数量: 14
2025-09-06 10:22:04,933 - INFO -     Run 1: '根据贵方' [字体=宋体, 大小=152400, 粗体=None, 斜体=None]
2025-09-06 10:22:04,933 - INFO -     Run 2: '购' [字体=宋体, 大小=152400, 粗体=None, 斜体=None]
2025-09-06 10:22:04,933 - INFO -     Run 3: '采购货物及服务的' [字体=宋体, 大小=152400, 粗体=None, 斜体=None]
2025-09-06 10:22:04,933 - INFO -     Run 4: '竞争性磋商公告' [字体=宋体, 大小=152400, 粗体=None, 斜体=None]
2025-09-06 10:22:04,933 - INFO -     Run 5: '（' [字体=宋体, 大小=152400, 粗体=None, 斜体=True] 🔍 包含左括号
2025-09-06 10:22:04,933 - INFO -     Run 6: '采购' [字体=宋体, 大小=152400, 粗体=None, 斜体=True]
2025-09-06 10:22:04,934 - INFO -     Run 7: '编号）' [字体=宋体, 大小=152400, 粗体=None, 斜体=True] 🔍 包含右括号
2025-09-06 10:22:04,934 - INFO -     Run 8: '，签字代表' [字体=宋体, 大小=152400, 粗体=None, 斜体=None]
2025-09-06 10:22:04,934 - INFO -     Run 9: '（姓名、职务' [字体=宋体, 大小=152400, 粗体=None, 斜体=True] 🔍 包含左括号
2025-09-06 10:22:04,934 - INFO -     Run 10: '）经正式授权并代表' [字体=宋体, 大小=152400, 粗体=None, 斜体=None] 🔍 包含右括号
2025-09-06 10:22:04,934 - INFO -     Run 11: '供应' [字体=宋体, 大小=152400, 粗体=None, 斜体=None]
2025-09-06 10:22:04,935 - INFO -     Run 12: '交下述文件正本一份及副本' [字体=宋体, 大小=152400, 粗体=None, 斜体=None]
2025-09-06 10:22:04,935 - INFO -     Run 13: '       ' [字体=宋体, 大小=152400, 粗体=None, 斜体=None]
2025-09-06 10:22:04,935 - INFO -     Run 14: '份：' [字体=宋体, 大小=152400, 粗体=None, 斜体=None]
2025-09-06 10:22:04,935 - INFO - ⚠️ 采购编号跨多个run → 需要使用跨run处理
2025-09-06 10:22:04,935 - INFO - 
================================================================================
2025-09-06 10:22:04,935 - INFO - 🔍 Run结构分析总结:
2025-09-06 10:22:04,935 - INFO - ================================================================================
2025-09-06 10:22:04,935 - INFO - 项目名称在单run中: ✅ 是
2025-09-06 10:22:04,935 - INFO - 采购编号在单run中: ❌ 否
2025-09-06 10:22:04,935 - INFO - 
🎯 结论验证:
2025-09-06 10:22:04,935 - INFO - ✅ 项目名称可以单run替换，不影响格式
2025-09-06 10:22:04,936 - INFO - ⚠️ 采购编号必须跨run处理，可能影响格式
2025-09-06 10:22:04,936 - INFO - 🔍 这解释了为什么项目名称处理完美，而采购编号影响了周围文字格式!
2025-09-06 10:22:04,936 - INFO - 
================================================================================
2025-09-06 10:22:04,936 - INFO - 对比处理前后的文档结构变化
2025-09-06 10:22:04,936 - INFO - ================================================================================
2025-09-06 10:22:04,936 - INFO - 处理前后对比分析将帮助我们理解:
2025-09-06 10:22:04,936 - INFO - 1. 项目名称为什么能保持格式不变
2025-09-06 10:22:04,936 - INFO - 2. 采购编号为什么影响了周围文字格式
2025-09-06 10:22:04,936 - INFO - 3. 验证我们的run结构分析是否正确
