2025-08-29 20:33:00,727 - INFO - 应答模板加载成功
2025-08-29 20:33:00,727 - INFO - 需求识别模式加载成功
2025-08-29 20:33:00,727 - INFO - 开始处理需求文档: /Users/lvhe/Library/Mobile Documents/com~apple~CloudDocs/Work/智慧足迹2025/05投标项目/AI标书/项目/中信归属运营商/采购需求.docx
2025-08-29 20:33:00,727 - ERROR - 处理需求文档失败: 'TenderInfoExtractor' object has no attribute 'read_document'
2025-08-29 20:33:00,727 - ERROR - 程序执行失败: 'TenderInfoExtractor' object has no attribute 'read_document'
2025-08-30 06:57:34,254 - INFO - 应答模板加载成功
2025-08-30 06:57:34,254 - INFO - 需求识别模式加载成功
2025-08-30 06:57:34,254 - INFO - 开始处理需求文档: /Users/lvhe/Library/Mobile Documents/com~apple~CloudDocs/Work/智慧足迹2025/05投标项目/AI标书/项目/中信归属运营商/采购需求.docx
2025-08-30 06:57:34,254 - ERROR - 处理需求文档失败: 'TenderInfoExtractor' object has no attribute 'read_document'
2025-08-30 06:57:34,254 - ERROR - 程序执行失败: 'TenderInfoExtractor' object has no attribute 'read_document'
2025-09-01 15:03:46,139 - INFO - 正在读取文档: /Users/lvhe/Library/Mobile Documents/com~apple~CloudDocs/Work/智慧足迹2025/05投标项目/AI标书/项目/中信归属运营商/采购文件-2025-IT-0032所属运营商数据.doc
2025-09-01 15:03:46,204 - WARNING - python-docx读取失败: "no relationship of type 'http://schemas.openxmlformats.org/officeDocument/2006/relationships/officeDocument' in collection"，尝试其他方法
2025-09-01 15:03:46,241 - WARNING - mammoth读取失败: Could not find main document part. Are you sure this is a valid .docx file?，尝试其他方法
2025-09-01 15:03:46,241 - WARNING - 未安装pywin32库或非Windows环境
2025-09-01 15:03:46,243 - WARNING - 使用二进制读取Word文档，可能包含乱码
2025-09-01 15:03:46,243 - INFO - 文档读取成功，内容长度: 234427 字符
2025-09-01 15:07:53,935 - INFO - 正在读取文档: /Users/lvhe/Library/Mobile Documents/com~apple~CloudDocs/Work/智慧足迹2025/05投标项目/AI标书/项目/中信归属运营商/采购文件-2025-IT-0032所属运营商数据.doc
2025-09-01 15:07:53,980 - WARNING - python-docx读取失败: "no relationship of type 'http://schemas.openxmlformats.org/officeDocument/2006/relationships/officeDocument' in collection"，尝试其他方法
2025-09-01 15:07:53,986 - WARNING - antiword读取失败: module 'antiword' has no attribute 'extract_text'，尝试其他方法
2025-09-01 15:07:54,022 - WARNING - mammoth读取失败: Could not find main document part. Are you sure this is a valid .docx file?，尝试其他方法
2025-09-01 15:07:54,022 - WARNING - 未安装pywin32库或非Windows环境
2025-09-01 15:07:54,024 - WARNING - 使用二进制读取Word文档，可能包含乱码
2025-09-01 15:07:54,024 - INFO - 文档读取成功，内容长度: 234427 字符
2025-09-01 15:20:33,497 - INFO - 正在读取文档: /Users/lvhe/Library/Mobile Documents/com~apple~CloudDocs/Work/智慧足迹2025/05投标项目/AI标书/项目/数研所二次卡/数字人民币运营管理中心有限公司2025年二次放号查询服务采购项目采购需求文件.docx
2025-09-01 15:20:33,614 - INFO - 使用python-docx成功读取Word文档
2025-09-01 15:20:33,614 - INFO - 文档读取成功，内容长度: 17578 字符
2025-09-01 15:20:54,805 - INFO - 正在读取文档: /Users/lvhe/Library/Mobile Documents/com~apple~CloudDocs/Work/智慧足迹2025/05投标项目/AI标书/项目/数研所二次卡/数字人民币运营管理中心有限公司2025年二次放号查询服务采购项目采购需求文件.docx
2025-09-01 15:20:54,900 - INFO - 使用python-docx成功读取Word文档
2025-09-01 15:20:54,900 - INFO - 文档读取成功，内容长度: 17578 字符
2025-09-01 15:22:43,276 - INFO - 正在读取文档: /Users/lvhe/Library/Mobile Documents/com~apple~CloudDocs/Work/智慧足迹2025/05投标项目/AI标书/项目/数研所二次卡/数字人民币运营管理中心有限公司2025年二次放号查询服务采购项目采购需求文件.docx
2025-09-01 15:22:43,443 - INFO - 使用python-docx成功读取Word文档（包含447个段落和12个表格）
2025-09-01 15:22:43,444 - INFO - 文档读取成功，内容长度: 22393 字符
2025-09-01 15:23:53,457 - INFO - 正在读取文档: /Users/lvhe/Library/Mobile Documents/com~apple~CloudDocs/Work/智慧足迹2025/05投标项目/AI标书/项目/数研所二次卡/数字人民币运营管理中心有限公司2025年二次放号查询服务采购项目采购需求文件.docx
2025-09-01 15:23:53,611 - INFO - 使用python-docx成功读取Word文档（包含447个段落和12个表格）
2025-09-01 15:23:53,612 - INFO - 文档读取成功，内容长度: 22393 字符
2025-09-01 15:23:53,618 - WARNING - 使用备用方法提取的信息: {'tenderer': '数字人民币运营管理中心有限公司', 'agency': '', 'bidding_method': '', 'bidding_location': '', 'bidding_time': '2025年9月9日18点 地点：北京市丰台区金唐西联大厦A座12层', 'winner_count': '', 'project_name': '数字人民币运营管理中心有限公司2025年二次放号查询服务采购项目', 'project_number': ''}
2025-09-01 15:29:20,553 - INFO - 正在读取文档: /Users/lvhe/Library/Mobile Documents/com~apple~CloudDocs/Work/智慧足迹2025/05投标项目/AI标书/项目/数研所二次卡/数字人民币运营管理中心有限公司2025年二次放号查询服务采购项目采购需求文件.docx
2025-09-01 15:29:20,706 - INFO - 使用python-docx成功读取Word文档（包含447个段落和12个表格）
2025-09-01 15:29:20,707 - INFO - 文档读取成功，内容长度: 22393 字符
2025-09-01 15:29:20,714 - WARNING - 使用备用方法提取的信息: {'tenderer': '数字人民币运营管理中心有限公司', 'agency': '', 'bidding_method': '', 'bidding_location': '北京市丰台区', 'bidding_time': '2025年9月9日18点', 'winner_count': '', 'project_name': '数字人民币运营管理中心有限公司2025年二次放号查询服务采购项目', 'project_number': ''}
2025-09-01 15:29:51,089 - INFO - 正在读取文档: /Users/lvhe/Library/Mobile Documents/com~apple~CloudDocs/Work/智慧足迹2025/05投标项目/AI标书/项目/数研所二次卡/数字人民币运营管理中心有限公司2025年二次放号查询服务采购项目采购需求文件.docx
2025-09-01 15:29:51,240 - INFO - 使用python-docx成功读取Word文档（包含447个段落和12个表格）
2025-09-01 15:29:51,241 - INFO - 文档读取成功，内容长度: 22393 字符
2025-09-01 15:29:51,247 - WARNING - 使用备用方法提取的信息: {'tenderer': '数字人民币运营管理中心有限公司', 'agency': '', 'bidding_method': '', 'bidding_location': '北京市丰台区金唐西联大厦A座12层', 'bidding_time': '2025年9月9日18点', 'winner_count': '', 'project_name': '数字人民币运营管理中心有限公司2025年二次放号查询服务采购项目', 'project_number': ''}
