2025-09-06 11:02:51,885 - INFO - 🎯 分析采购编号段落格式变化问题
2025-09-06 11:02:51,885 - INFO - ================================================================================
2025-09-06 11:02:51,885 - INFO - 🔍 分析文件: outputs/docx-商务应答-20250906_110050.docx
2025-09-06 11:02:51,885 - INFO - ================================================================================
2025-09-06 11:02:51,891 - INFO - 文档总段落数: 13
2025-09-06 11:02:51,893 - INFO - 
找到 1 个相关段落:
2025-09-06 11:02:51,893 - INFO - ============================================================
2025-09-06 11:02:51,893 - INFO - 
📋 段落 #11:
2025-09-06 11:02:51,893 - INFO -   文本: 根据贵方购采购货物及服务的竞争性磋商公告（64525343），签字代表（姓名、职务）经正式授权并代表供应交下述文件正本一份及副本       份：...
2025-09-06 11:02:51,893 - INFO -   Run数量: 14
2025-09-06 11:02:51,893 - INFO -     Run 1: '根据贵方购采购货物及服务的竞争性磋商公告（64525343），签字代表（姓名、职务）经正式授权并代表供应交下述文件正本一份及副本       份：' ⭐ 包含采购编号
2025-09-06 11:02:51,893 - INFO -         格式: 字体=宋体, 大小=12.0, 粗体=默认, 斜体=默认, 下划线=默认
2025-09-06 11:02:51,894 - INFO -     ✅ 段落格式一致
2025-09-06 11:02:51,894 - INFO - 
================================================================================
2025-09-06 11:02:51,894 - INFO - 📊 采购编号格式问题分析总结:
2025-09-06 11:02:51,894 - INFO - ================================================================================
2025-09-06 11:02:51,894 - INFO - 从日志分析可以看到采购编号处理的关键信息:
2025-09-06 11:02:51,894 - INFO - 1. ⚠️ 单run替换失败，尝试跨run项目编号处理...
2025-09-06 11:02:51,894 - INFO - 2. 执行精确跨run替换: 涉及 14 个run，开始精确修改
2025-09-06 11:02:51,894 - INFO - 3. ✅ 精确跨run替换完成: 修改了14个run，保留了其他run的格式
2025-09-06 11:02:51,894 - INFO - 4. ⚠️ 项目编号跨run替换完成: (可能影响周围格式)
2025-09-06 11:02:51,894 - INFO - 
2025-09-06 11:02:51,894 - INFO - 💡 问题分析:
2025-09-06 11:02:51,894 - INFO - - 采购编号'（采购编号）'跨多个run，无法使用单run替换
2025-09-06 11:02:51,894 - INFO - - 需要使用跨run处理，但这会影响14个run的格式
2025-09-06 11:02:51,894 - INFO - - 尽管使用了精确修改，仍可能因为run边界变化影响格式
