2025-09-06 10:26:29,246 - INFO - ================================================================================
2025-09-06 10:26:29,247 - INFO - 分析隐藏格式差异: /Users/lvhe/Library/Mobile Documents/com~apple~CloudDocs/Work/智慧足迹2025/05投标项目/AI标书/项目/1-中邮保险/中邮保险商务应答格式_测试.docx
2025-09-06 10:26:29,247 - INFO - ================================================================================
2025-09-06 10:26:29,254 - INFO - 
🔍 详细对比项目名称vs采购编号的格式差异:
2025-09-06 10:26:29,254 - INFO - ============================================================
2025-09-06 10:26:29,254 - INFO - 
📋 项目名称段落 #4:
2025-09-06 10:26:29,254 - INFO - 完整文本: 根据贵方为（项目名称）项目采购采购货物及服务的竞争性磋字代表（姓名、职务）经正式授权并代表供应商（供应商名称、地址）提交下述文件正本一份及副本       份：
2025-09-06 10:26:29,254 - INFO - 文本长度: 80 字符
2025-09-06 10:26:29,254 - INFO - Run数量: 16
2025-09-06 10:26:29,255 - INFO - 段落属性: 对齐=None, 行距=1.5, 前距=None, 后距=None
2025-09-06 10:26:29,255 - INFO - 
  寻找目标文本: '（项目名称）'
2025-09-06 10:26:29,255 - INFO -     Run 1: '根据贵方为'
2025-09-06 10:26:29,255 - INFO -         字符分析: ['根', '据', '贵', '方', '为']
2025-09-06 10:26:29,255 - INFO -         格式: 字体=宋体, 大小=152400, 粗体=None, 斜体=None, 下划线=None, 颜色=默认
2025-09-06 10:26:29,255 - INFO -         特殊字符: ["位置0: '根'(U+6839)", "位置1: '据'(U+636E)", "位置2: '贵'(U+8D35)", "位置3: '方'(U+65B9)", "位置4: '为'(U+4E3A)"]
2025-09-06 10:26:29,255 - INFO -     Run 2: '（项目名称）'
2025-09-06 10:26:29,255 - INFO -         字符分析: ['（', '项', '目', '名', '称', '）']
2025-09-06 10:26:29,255 - INFO -         格式: 字体=宋体, 大小=152400, 粗体=None, 斜体=True, 下划线=True, 颜色=默认 ⭐ 包含完整项目名称!
2025-09-06 10:26:29,256 - INFO -     Run 3: '项目'
2025-09-06 10:26:29,256 - INFO -         字符分析: ['项', '目']
2025-09-06 10:26:29,256 - INFO -         格式: 字体=宋体, 大小=152400, 粗体=None, 斜体=None, 下划线=None, 颜色=默认
2025-09-06 10:26:29,256 - INFO -     Run 4: '采购'
2025-09-06 10:26:29,256 - INFO -         字符分析: ['采', '购']
2025-09-06 10:26:29,256 - INFO -         格式: 字体=宋体, 大小=152400, 粗体=None, 斜体=None, 下划线=None, 颜色=默认
2025-09-06 10:26:29,256 - INFO -     Run 5: '采购货物及服务的'
2025-09-06 10:26:29,256 - INFO -         字符分析: ['采', '购', '货', '物', '及', '服', '务', '的']
2025-09-06 10:26:29,256 - INFO -         格式: 字体=宋体, 大小=152400, 粗体=None, 斜体=None, 下划线=None, 颜色=默认
2025-09-06 10:26:29,256 - INFO -         特殊字符: ["位置2: '货'(U+8D27)", "位置3: '物'(U+7269)", "位置4: '及'(U+53CA)", "位置5: '服'(U+670D)", "位置6: '务'(U+52A1)", "位置7: '的'(U+7684)"]
2025-09-06 10:26:29,257 - INFO -     Run 6: '竞争性磋'
2025-09-06 10:26:29,257 - INFO -         字符分析: ['竞', '争', '性', '磋']
2025-09-06 10:26:29,257 - INFO -         格式: 字体=宋体, 大小=152400, 粗体=None, 斜体=None, 下划线=None, 颜色=默认
2025-09-06 10:26:29,257 - INFO -         特殊字符: ["位置0: '竞'(U+7ADE)", "位置1: '争'(U+4E89)", "位置2: '性'(U+6027)", "位置3: '磋'(U+78CB)"]
2025-09-06 10:26:29,257 - INFO -     Run 7: '字代表'
2025-09-06 10:26:29,257 - INFO -         字符分析: ['字', '代', '表']
2025-09-06 10:26:29,257 - INFO -         格式: 字体=宋体, 大小=152400, 粗体=None, 斜体=None, 下划线=None, 颜色=默认
2025-09-06 10:26:29,257 - INFO -         特殊字符: ["位置0: '字'(U+5B57)", "位置1: '代'(U+4EE3)", "位置2: '表'(U+8868)"]
2025-09-06 10:26:29,257 - INFO -     Run 8: '（姓名、职务'
2025-09-06 10:26:29,257 - INFO -         字符分析: ['（', '姓', '名', '、', '职', '务']
2025-09-06 10:26:29,257 - INFO -         格式: 字体=宋体, 大小=152400, 粗体=None, 斜体=True, 下划线=True, 颜色=默认 🔍 只有左括号
2025-09-06 10:26:29,257 - INFO -         特殊字符: ["位置1: '姓'(U+59D3)", "位置3: '、'(U+3001)", "位置4: '职'(U+804C)", "位置5: '务'(U+52A1)"]
2025-09-06 10:26:29,258 - INFO -     Run 9: '）经正式授权并代表'
2025-09-06 10:26:29,258 - INFO -         字符分析: ['）', '经', '正', '式', '授', '权', '并', '代', '表']
2025-09-06 10:26:29,258 - INFO -         格式: 字体=宋体, 大小=152400, 粗体=None, 斜体=None, 下划线=None, 颜色=默认 🔍 只有右括号
2025-09-06 10:26:29,258 - INFO -         特殊字符: ["位置1: '经'(U+7ECF)", "位置2: '正'(U+6B63)", "位置3: '式'(U+5F0F)", "位置4: '授'(U+6388)", "位置5: '权'(U+6743)", "位置6: '并'(U+5E76)", "位置7: '代'(U+4EE3)", "位置8: '表'(U+8868)"]
2025-09-06 10:26:29,258 - INFO -     Run 10: '供应商'
2025-09-06 10:26:29,258 - INFO -         字符分析: ['供', '应', '商']
2025-09-06 10:26:29,258 - INFO -         格式: 字体=宋体, 大小=152400, 粗体=None, 斜体=None, 下划线=None, 颜色=默认
2025-09-06 10:26:29,258 - INFO -         特殊字符: ["位置0: '供'(U+4F9B)", "位置1: '应'(U+5E94)", "位置2: '商'(U+5546)"]
2025-09-06 10:26:29,258 - INFO -     Run 11: '（'
2025-09-06 10:26:29,258 - INFO -         字符分析: ['（']
2025-09-06 10:26:29,258 - INFO -         格式: 字体=宋体, 大小=152400, 粗体=None, 斜体=True, 下划线=True, 颜色=默认 🔍 只有左括号
2025-09-06 10:26:29,259 - INFO -     Run 12: '供应商'
2025-09-06 10:26:29,259 - INFO -         字符分析: ['供', '应', '商']
2025-09-06 10:26:29,259 - INFO -         格式: 字体=宋体, 大小=152400, 粗体=None, 斜体=True, 下划线=True, 颜色=默认
2025-09-06 10:26:29,259 - INFO -         特殊字符: ["位置0: '供'(U+4F9B)", "位置1: '应'(U+5E94)", "位置2: '商'(U+5546)"]
2025-09-06 10:26:29,259 - INFO -     Run 13: '名称、地址）'
2025-09-06 10:26:29,259 - INFO -         字符分析: ['名', '称', '、', '地', '址', '）']
2025-09-06 10:26:29,259 - INFO -         格式: 字体=宋体, 大小=152400, 粗体=None, 斜体=True, 下划线=True, 颜色=默认 🔍 只有右括号
2025-09-06 10:26:29,259 - INFO -         特殊字符: ["位置2: '、'(U+3001)", "位置3: '地'(U+5730)", "位置4: '址'(U+5740)"]
2025-09-06 10:26:29,259 - INFO -     Run 14: '提交下述文件正本一份及副本'
2025-09-06 10:26:29,259 - INFO -         字符分析: ['提', '交', '下', '述', '文', '件', '正', '本', '一', '份', '及', '副', '本']
2025-09-06 10:26:29,259 - INFO -         格式: 字体=宋体, 大小=152400, 粗体=None, 斜体=None, 下划线=None, 颜色=默认
2025-09-06 10:26:29,259 - INFO -         特殊字符: ["位置0: '提'(U+63D0)", "位置1: '交'(U+4EA4)", "位置2: '下'(U+4E0B)", "位置3: '述'(U+8FF0)", "位置4: '文'(U+6587)", "位置5: '件'(U+4EF6)", "位置6: '正'(U+6B63)", "位置7: '本'(U+672C)", "位置8: '一'(U+4E00)", "位置9: '份'(U+4EFD)", "位置10: '及'(U+53CA)", "位置11: '副'(U+526F)", "位置12: '本'(U+672C)"]
2025-09-06 10:26:29,260 - INFO -     Run 15: '       '
2025-09-06 10:26:29,260 - INFO -         字符分析: ['Space(空格)', 'Space(空格)', 'Space(空格)', 'Space(空格)', 'Space(空格)', 'Space(空格)', 'Space(空格)']
2025-09-06 10:26:29,260 - INFO -         格式: 字体=宋体, 大小=152400, 粗体=None, 斜体=None, 下划线=True, 颜色=默认
2025-09-06 10:26:29,260 - INFO -     Run 16: '份：'
2025-09-06 10:26:29,260 - INFO -         字符分析: ['份', '：']
2025-09-06 10:26:29,260 - INFO -         格式: 字体=宋体, 大小=152400, 粗体=None, 斜体=None, 下划线=None, 颜色=默认
2025-09-06 10:26:29,260 - INFO -         特殊字符: ["位置0: '份'(U+4EFD)", "位置1: '：'(U+FF1A)"]
2025-09-06 10:26:29,260 - INFO - 
📋 采购编号段落 #11:
2025-09-06 10:26:29,260 - INFO - 完整文本: 根据贵方购采购货物及服务的竞争性磋商公告（采购编号），签字代表（姓名、职务）经正式授权并代表供应交下述文件正本一份及副本       份：
2025-09-06 10:26:29,260 - INFO - 文本长度: 69 字符
2025-09-06 10:26:29,260 - INFO - Run数量: 14
2025-09-06 10:26:29,260 - INFO - 段落属性: 对齐=None, 行距=1.5, 前距=None, 后距=None
2025-09-06 10:26:29,260 - INFO - 
  寻找目标文本: '（采购编号）'
2025-09-06 10:26:29,261 - INFO -     Run 1: '根据贵方'
2025-09-06 10:26:29,261 - INFO -         字符分析: ['根', '据', '贵', '方']
2025-09-06 10:26:29,261 - INFO -         格式: 字体=宋体, 大小=152400, 粗体=None, 斜体=None, 下划线=None, 颜色=默认
2025-09-06 10:26:29,261 - INFO -         特殊字符: ["位置0: '根'(U+6839)", "位置1: '据'(U+636E)", "位置2: '贵'(U+8D35)", "位置3: '方'(U+65B9)"]
2025-09-06 10:26:29,261 - INFO -     Run 2: '购'
2025-09-06 10:26:29,261 - INFO -         字符分析: ['购']
2025-09-06 10:26:29,261 - INFO -         格式: 字体=宋体, 大小=152400, 粗体=None, 斜体=None, 下划线=None, 颜色=默认
2025-09-06 10:26:29,261 - INFO -     Run 3: '采购货物及服务的'
2025-09-06 10:26:29,261 - INFO -         字符分析: ['采', '购', '货', '物', '及', '服', '务', '的']
2025-09-06 10:26:29,261 - INFO -         格式: 字体=宋体, 大小=152400, 粗体=None, 斜体=None, 下划线=None, 颜色=默认
2025-09-06 10:26:29,261 - INFO -         特殊字符: ["位置2: '货'(U+8D27)", "位置3: '物'(U+7269)", "位置4: '及'(U+53CA)", "位置5: '服'(U+670D)", "位置6: '务'(U+52A1)", "位置7: '的'(U+7684)"]
2025-09-06 10:26:29,262 - INFO -     Run 4: '竞争性磋商公告'
2025-09-06 10:26:29,262 - INFO -         字符分析: ['竞', '争', '性', '磋', '商', '公', '告']
2025-09-06 10:26:29,262 - INFO -         格式: 字体=宋体, 大小=152400, 粗体=None, 斜体=None, 下划线=None, 颜色=默认
2025-09-06 10:26:29,262 - INFO -         特殊字符: ["位置0: '竞'(U+7ADE)", "位置1: '争'(U+4E89)", "位置2: '性'(U+6027)", "位置3: '磋'(U+78CB)", "位置4: '商'(U+5546)", "位置5: '公'(U+516C)", "位置6: '告'(U+544A)"]
2025-09-06 10:26:29,262 - INFO -     Run 5: '（'
2025-09-06 10:26:29,262 - INFO -         字符分析: ['（']
2025-09-06 10:26:29,262 - INFO -         格式: 字体=宋体, 大小=152400, 粗体=None, 斜体=True, 下划线=True, 颜色=默认 🔍 只有左括号
2025-09-06 10:26:29,262 - INFO -     Run 6: '采购'
2025-09-06 10:26:29,262 - INFO -         字符分析: ['采', '购']
2025-09-06 10:26:29,262 - INFO -         格式: 字体=宋体, 大小=152400, 粗体=None, 斜体=True, 下划线=True, 颜色=默认
2025-09-06 10:26:29,263 - INFO -     Run 7: '编号）'
2025-09-06 10:26:29,263 - INFO -         字符分析: ['编', '号', '）']
2025-09-06 10:26:29,263 - INFO -         格式: 字体=宋体, 大小=152400, 粗体=None, 斜体=True, 下划线=True, 颜色=默认 🔍 只有右括号
2025-09-06 10:26:29,263 - INFO -     Run 8: '，签字代表'
2025-09-06 10:26:29,263 - INFO -         字符分析: ['，', '签', '字', '代', '表']
2025-09-06 10:26:29,263 - INFO -         格式: 字体=宋体, 大小=152400, 粗体=None, 斜体=None, 下划线=None, 颜色=默认
2025-09-06 10:26:29,263 - INFO -         特殊字符: ["位置0: '，'(U+FF0C)", "位置1: '签'(U+7B7E)", "位置2: '字'(U+5B57)", "位置3: '代'(U+4EE3)", "位置4: '表'(U+8868)"]
2025-09-06 10:26:29,263 - INFO -     Run 9: '（姓名、职务'
2025-09-06 10:26:29,264 - INFO -         字符分析: ['（', '姓', '名', '、', '职', '务']
2025-09-06 10:26:29,264 - INFO -         格式: 字体=宋体, 大小=152400, 粗体=None, 斜体=True, 下划线=True, 颜色=默认 🔍 只有左括号
2025-09-06 10:26:29,264 - INFO -         特殊字符: ["位置1: '姓'(U+59D3)", "位置3: '、'(U+3001)", "位置4: '职'(U+804C)", "位置5: '务'(U+52A1)"]
2025-09-06 10:26:29,264 - INFO -     Run 10: '）经正式授权并代表'
2025-09-06 10:26:29,264 - INFO -         字符分析: ['）', '经', '正', '式', '授', '权', '并', '代', '表']
2025-09-06 10:26:29,264 - INFO -         格式: 字体=宋体, 大小=152400, 粗体=None, 斜体=None, 下划线=None, 颜色=默认 🔍 只有右括号
2025-09-06 10:26:29,264 - INFO -         特殊字符: ["位置1: '经'(U+7ECF)", "位置2: '正'(U+6B63)", "位置3: '式'(U+5F0F)", "位置4: '授'(U+6388)", "位置5: '权'(U+6743)", "位置6: '并'(U+5E76)", "位置7: '代'(U+4EE3)", "位置8: '表'(U+8868)"]
2025-09-06 10:26:29,264 - INFO -     Run 11: '供应'
2025-09-06 10:26:29,264 - INFO -         字符分析: ['供', '应']
2025-09-06 10:26:29,264 - INFO -         格式: 字体=宋体, 大小=152400, 粗体=None, 斜体=None, 下划线=None, 颜色=默认
2025-09-06 10:26:29,264 - INFO -         特殊字符: ["位置0: '供'(U+4F9B)", "位置1: '应'(U+5E94)"]
2025-09-06 10:26:29,264 - INFO -     Run 12: '交下述文件正本一份及副本'
2025-09-06 10:26:29,264 - INFO -         字符分析: ['交', '下', '述', '文', '件', '正', '本', '一', '份', '及', '副', '本']
2025-09-06 10:26:29,265 - INFO -         格式: 字体=宋体, 大小=152400, 粗体=None, 斜体=None, 下划线=None, 颜色=默认
2025-09-06 10:26:29,265 - INFO -         特殊字符: ["位置0: '交'(U+4EA4)", "位置1: '下'(U+4E0B)", "位置2: '述'(U+8FF0)", "位置3: '文'(U+6587)", "位置4: '件'(U+4EF6)", "位置5: '正'(U+6B63)", "位置6: '本'(U+672C)", "位置7: '一'(U+4E00)", "位置8: '份'(U+4EFD)", "位置9: '及'(U+53CA)", "位置10: '副'(U+526F)", "位置11: '本'(U+672C)"]
2025-09-06 10:26:29,265 - INFO -     Run 13: '       '
2025-09-06 10:26:29,265 - INFO -         字符分析: ['Space(空格)', 'Space(空格)', 'Space(空格)', 'Space(空格)', 'Space(空格)', 'Space(空格)', 'Space(空格)']
2025-09-06 10:26:29,265 - INFO -         格式: 字体=宋体, 大小=152400, 粗体=None, 斜体=None, 下划线=True, 颜色=默认
2025-09-06 10:26:29,265 - INFO -     Run 14: '份：'
2025-09-06 10:26:29,265 - INFO -         字符分析: ['份', '：']
2025-09-06 10:26:29,265 - INFO -         格式: 字体=宋体, 大小=152400, 粗体=None, 斜体=None, 下划线=None, 颜色=默认
2025-09-06 10:26:29,265 - INFO -         特殊字符: ["位置0: '份'(U+4EFD)", "位置1: '：'(U+FF1A)"]
2025-09-06 10:26:29,265 - INFO - 
============================================================
2025-09-06 10:26:29,265 - INFO - 🎯 深度对比分析:
2025-09-06 10:26:29,265 - INFO - ============================================================
2025-09-06 10:26:29,265 - INFO - 对比项目名称vs采购编号段落:
2025-09-06 10:26:29,265 - INFO - Run数量: 项目名称=16, 采购编号=14
2025-09-06 10:26:29,267 - INFO - 
项目名称目标run: 找到
2025-09-06 10:26:29,267 - INFO -   Run #2: '（项目名称）'
2025-09-06 10:26:29,267 - INFO -   斜体: True
2025-09-06 10:26:29,267 - INFO - 
采购编号相关runs: 6个
2025-09-06 10:26:29,267 - INFO -   Run #3: '采购货物及服务的' (斜体: None)
2025-09-06 10:26:29,267 - INFO -   Run #5: '（' (斜体: True)
2025-09-06 10:26:29,267 - INFO -   Run #6: '采购' (斜体: True)
2025-09-06 10:26:29,267 - INFO -   Run #7: '编号）' (斜体: True)
2025-09-06 10:26:29,267 - INFO -   Run #9: '（姓名、职务' (斜体: True)
2025-09-06 10:26:29,267 - INFO -   Run #10: '）经正式授权并代表' (斜体: None)
2025-09-06 10:26:29,267 - INFO - 
🎯 推断分析:
2025-09-06 10:26:29,267 - INFO - ✅ 项目名称: 完整文本在单个run中，可能是一次性输入并设置格式
2025-09-06 10:26:29,268 - INFO - ⚠️ 采购编号: 文本跨多个run，可能的原因:
2025-09-06 10:26:29,268 - INFO -    1. 分步输入: 先输入'（'，再输入'采购编号'，再输入'）'
2025-09-06 10:26:29,268 - INFO -    2. 格式变化: 在输入过程中改变了格式设置
2025-09-06 10:26:29,268 - INFO -    3. 复制粘贴: 从不同来源复制粘贴，保留了原有的run结构
2025-09-06 10:26:29,268 - INFO -    4. Word自动格式: Word自动识别并应用了不同的格式
2025-09-06 10:26:29,268 - INFO -    5. 编辑历史: 多次编辑导致run边界产生
2025-09-06 10:26:29,268 - INFO -    ℹ️ 未发现换行符，可能是格式设置导致的run分割
